<?xml version="1.0" encoding="UTF-8"?>
<!-- Generated by org.testng.reporters.JUnitXMLReporter -->
<testsuite ignored="0" hostname="SuRaj" failures="0" tests="2" name="Test" time="0.063" errors="0" timestamp="2022-10-12T19:05:44 IST">
  <testcase classname="com.Amazon.utility.TestBaseClass" name="@BeforeMethod setUp" time="-1.665581744421E9">
    <failure type="org.testng.TestNGException" message="
Parameter &amp;apos;browserName&amp;apos; is required by BeforeMethod on method setUp but has not been marked @Optional or defined
in C:\Users\Suraj Ramteke\eclipse-workspace\projectAmazon\testng.xml">
      <![CDATA[org.testng.TestNGException: 
Parameter 'browserName' is required by BeforeMethod on method setUp but has not been marked @Optional or defined
in C:\Users\Suraj Ramteke\eclipse-workspace\projectAmazon\testng.xml
at java.base/java.util.concurrent.ThreadPoolExecutor.runWorker(ThreadPoolExecutor.java:1136)
at java.base/java.util.concurrent.ThreadPoolExecutor$Worker.run(ThreadPoolExecutor.java:635)
at java.base/java.lang.Thread.run(Thread.java:833)
... Removed 13 stack frames]]>
    </failure>
  </testcase> <!-- @BeforeMethod setUp -->
  <testcase classname="com.Amazon.utility.TestBaseClass" name="@BeforeMethod setUp" time="-1.665581744421E9">
    <failure type="org.testng.TestNGException" message="
Parameter &amp;apos;browserName&amp;apos; is required by BeforeMethod on method setUp but has not been marked @Optional or defined
in C:\Users\Suraj Ramteke\eclipse-workspace\projectAmazon\testng.xml">
      <![CDATA[org.testng.TestNGException: 
Parameter 'browserName' is required by BeforeMethod on method setUp but has not been marked @Optional or defined
in C:\Users\Suraj Ramteke\eclipse-workspace\projectAmazon\testng.xml
at java.base/java.util.concurrent.ThreadPoolExecutor.runWorker(ThreadPoolExecutor.java:1136)
at java.base/java.util.concurrent.ThreadPoolExecutor$Worker.run(ThreadPoolExecutor.java:635)
at java.base/java.lang.Thread.run(Thread.java:833)
... Removed 13 stack frames]]>
    </failure>
  </testcase> <!-- @BeforeMethod setUp -->
  <testcase classname="com.Amazon.utility.TestBaseClass" name="@AfterMethod tearDown" time="-1.665581744442E9">
    <skipped/>
  </testcase> <!-- @AfterMethod tearDown -->
  <testcase classname="com.Amazon.utility.TestBaseClass" name="@AfterMethod tearDown" time="-1.665581744443E9">
    <skipped/>
  </testcase> <!-- @AfterMethod tearDown -->
  <testcase classname="com.Amazon.TestClass.TC002_HpLaptopSelect" name="SelectHplaptop" time="0.0">
    <skipped/>
  </testcase> <!-- SelectHplaptop -->
  <testcase classname="com.Amazon.TestClass.TC001_SearchBoxCheck" name="CheckSearchFoxfuntionality" time="0.0">
    <skipped/>
  </testcase> <!-- CheckSearchFoxfuntionality -->
</testsuite> <!-- Test -->
